<?xml version="1.0" encoding="UTF-8"?>
<!-- Generated by org.testng.reporters.JUnitReportReporter -->
<testsuite skipped="0" hostname="DESKTOP-QMEQBPR" name="script.InvalidLogin" tests="1" failures="0" timestamp="11 Jul 2017 08:17:48 GMT" time="29.837" errors="0">
  <testcase name="testInvalidLogin" time="29.837" classname="script.InvalidLogin"/>
</testsuite> <!-- script.InvalidLogin -->
