<?xml version="1.0" encoding="UTF-8"?>
<!-- Generated by org.testng.reporters.JUnitReportReporter -->
<testsuite skipped="0" hostname="DESKTOP-UO0HNPD" name="qsp.Demo" tests="1" failures="0" timestamp="30 Jun 2017 02:14:35 GMT" time="0.035" errors="0">
  <testcase name="print" time="0.035" classname="qsp.Demo"/>
</testsuite> <!-- qsp.Demo -->
