<?xml version="1.0" encoding="UTF-8"?>
<!-- Generated by org.testng.reporters.JUnitReportReporter -->
<testsuite skipped="0" hostname="DESKTOP-QMEQBPR" name="script.ValidLoginLogout" tests="1" failures="0" timestamp="11 Jul 2017 08:17:48 GMT" time="80.963" errors="0">
  <testcase name="testValidLoginLogout" time="80.963" classname="script.ValidLoginLogout"/>
</testsuite> <!-- script.ValidLoginLogout -->
