<?xml version="1.0" encoding="UTF-8"?>
<!-- Generated by org.testng.reporters.JUnitReportReporter -->
<testsuite skipped="0" hostname="DESKTOP-UO0HNPD" name="qsp.LoggerDemo" tests="1" failures="0" timestamp="04 Jul 2017 18:25:52 GMT" time="0.119" errors="0">
  <testcase name="Logger" time="0.119" classname="qsp.LoggerDemo"/>
</testsuite> <!-- qsp.LoggerDemo -->
