<?xml version="1.0" encoding="UTF-8"?>
<!-- Generated by org.testng.reporters.JUnitReportReporter -->
<testsuite skipped="0" hostname="DESKTOP-QMEQBPR" name="script.LoggerDemo" tests="1" failures="0" timestamp="11 Jul 2017 06:07:45 GMT" time="0.411" errors="0">
  <testcase name="LoggerTest" time="0.411" classname="script.LoggerDemo"/>
</testsuite> <!-- script.LoggerDemo -->
