<?xml version="1.0" encoding="UTF-8"?>
<!-- Generated by org.testng.reporters.JUnitReportReporter -->
<testsuite skipped="1" hostname="DESKTOP-QMEQBPR" name="script.WBTEXTBASEEXCEL" tests="1" failures="0" timestamp="06 Jul 2017 21:38:54 GMT" time="0.000" errors="0">
  <testcase name="TestWBT" time="0.000" classname="script.WBTEXTBASEEXCEL">
    <skipped/>
  </testcase> <!-- TestWBT -->
</testsuite> <!-- script.WBTEXTBASEEXCEL -->
